<?xml version="1.0" encoding="UTF-8"?>
<!-- Generated by org.testng.reporters.JUnitReportReporter -->
<testsuite hostname="Omar-Medhat" failures="0" tests="4" name="VerifyTheLoginSection" time="4.638" errors="0" timestamp="2024-10-13T01:23:07 EEST" skipped="0">
  <testcase classname="VerifyTheLoginSection" name="Verify_BlankData_For_UserID_Or_Password" time="0.345"/>
  <testcase classname="VerifyTheLoginSection" name="Verify_Enter_Wrong_UserId" time="1.076"/>
  <testcase classname="VerifyTheLoginSection" name="Verify_Enter_Wrong_Password" time="1.239"/>
  <testcase classname="VerifyTheLoginSection" name="Verify_Succeful_Login" time="1.978"/>
</testsuite> <!-- VerifyTheLoginSection -->
