<?xml version="1.0" encoding="UTF-8"?>
<!-- Generated by org.testng.reporters.JUnitReportReporter -->
<testsuite hostname="Omar-Medhat" failures="0" tests="1" name="Login.VerifyTheLoginSection" time="5.378" errors="0" timestamp="2024-10-12T16:05:33 EEST" skipped="0">
  <testcase classname="Login.VerifyTheLoginSection" name="verifyHomepageTitle" time="5.378"/>
</testsuite> <!-- Login.VerifyTheLoginSection -->
